# JRE version: Java(TM) SE Runtime Environment (7.0_40-b43) (build 1.7.0_40-b43)
# Java VM: Java HotSpot(TM) 64-Bit Server VM (24.0-b56 mixed mode windows-amd64 compressed oops)
Heap
 par new generation   total 55296K, used 3964K [0x0000000730000000, 0x0000000733c00000, 0x0000000733c00000)
  eden space 49152K,   1% used [0x0000000730000000, 0x00000007300d3ee8, 0x0000000733000000)
  from space 6144K,  50% used [0x0000000733600000, 0x000000073390b488, 0x0000000733c00000)
  to   space 6144K,   0% used [0x0000000733000000, 0x0000000733000000, 0x0000000733600000)
 concurrent mark-sweep generation total 282852K, used 155389K [0x0000000733c00000, 0x0000000745039000, 0x00000007f0000000)
 concurrent-mark-sweep perm gen total 262144K, used 70785K [0x00000007f0000000, 0x0000000800000000, 0x0000000800000000)
GC Heap History (10 events):
Event: 9204.971 GC heap before
{Heap before GC invocations=236 (full 17):
 par new generation   total 55296K, used 51025K [0x0000000730000000, 0x0000000733c00000, 0x0000000733c00000)
  eden space 49152K, 100% used [0x0000000730000000, 0x0000000733000000, 0x0000000733000000)
  from space 6144K,  30% used [0x0000000733600000, 0x00000007337d4668, 0x0000000733c00000)
  to   space 6144K,   0% used [0x0000000733000000, 0x0000000733000000, 0x0000000733600000)
 concurrent mark-sweep generation total 282852K, used 166719K [0x0000000733c00000, 0x0000000745039000, 0x00000007f0000000)
 concurrent-mark-sweep perm gen total 262144K, used 70777K [0x00000007f0000000, 0x0000000800000000, 0x0000000800000000)
Event: 9204.995 GC heap after
Heap after GC invocations=237 (full 17):
 par new generation   total 55296K, used 4770K [0x0000000730000000, 0x0000000733c00000, 0x0000000733c00000)
  eden space 49152K,   0% used [0x0000000730000000, 0x0000000730000000, 0x0000000733000000)
  from space 6144K,  77% used [0x0000000733000000, 0x00000007334a8870, 0x0000000733600000)
  to   space 6144K,   0% used [0x0000000733600000, 0x0000000733600000, 0x0000000733c00000)
 concurrent mark-sweep generation total 282852K, used 166719K [0x0000000733c00000, 0x0000000745039000, 0x00000007f0000000)
 concurrent-mark-sweep perm gen total 262144K, used 70777K [0x00000007f0000000, 0x0000000800000000, 0x0000000800000000)
}
Event: 9515.453 GC heap before
{Heap before GC invocations=237 (full 17):
 par new generation   total 55296K, used 44982K [0x0000000730000000, 0x0000000733c00000, 0x0000000733c00000)
  eden space 49152K,  81% used [0x0000000730000000, 0x0000000732745158, 0x0000000733000000)
  from space 6144K,  77% used [0x0000000733000000, 0x00000007334a8870, 0x0000000733600000)
  to   space 6144K,   0% used [0x0000000733600000, 0x0000000733600000, 0x0000000733c00000)
 concurrent mark-sweep generation total 282852K, used 166719K [0x0000000733c00000, 0x0000000745039000, 0x00000007f0000000)
 concurrent-mark-sweep perm gen total 262144K, used 70777K [0x00000007f0000000, 0x0000000800000000, 0x0000000800000000)
Event: 9516.147 GC heap after
Heap after GC invocations=238 (full 18):
 par new generation   total 55296K, used 0K [0x0000000730000000, 0x0000000733c00000, 0x0000000733c00000)
  eden space 49152K,   0% used [0x0000000730000000, 0x0000000730000000, 0x0000000733000000)
  from space 6144K,   0% used [0x0000000733000000, 0x0000000733000000, 0x0000000733600000)
  to   space 6144K,   0% used [0x0000000733600000, 0x0000000733600000, 0x0000000733c00000)
 concurrent mark-sweep generation total 282852K, used 144803K [0x0000000733c00000, 0x0000000745039000, 0x00000007f0000000)
 concurrent-mark-sweep perm gen total 262144K, used 70773K [0x00000007f0000000, 0x0000000800000000, 0x0000000800000000)
}
Event: 9897.420 GC heap before
{Heap before GC invocations=238 (full 18):
 par new generation   total 55296K, used 49152K [0x0000000730000000, 0x0000000733c00000, 0x0000000733c00000)
  eden space 49152K, 100% used [0x0000000730000000, 0x0000000733000000, 0x0000000733000000)
  from space 6144K,   0% used [0x0000000733000000, 0x0000000733000000, 0x0000000733600000)
  to   space 6144K,   0% used [0x0000000733600000, 0x0000000733600000, 0x0000000733c00000)
 concurrent mark-sweep generation total 282852K, used 144803K [0x0000000733c00000, 0x0000000745039000, 0x00000007f0000000)
 concurrent-mark-sweep perm gen total 262144K, used 70773K [0x00000007f0000000, 0x0000000800000000, 0x0000000800000000)
Event: 9897.446 GC heap after
Heap after GC invocations=239 (full 18):
 par new generation   total 55296K, used 4144K [0x0000000730000000, 0x0000000733c00000, 0x0000000733c00000)
  eden space 49152K,   0% used [0x0000000730000000, 0x0000000730000000, 0x0000000733000000)
  from space 6144K,  67% used [0x0000000733600000, 0x0000000733a0c230, 0x0000000733c00000)
  to   space 6144K,   0% used [0x0000000733000000, 0x0000000733000000, 0x0000000733600000)
 concurrent mark-sweep generation total 282852K, used 144803K [0x0000000733c00000, 0x0000000745039000, 0x00000007f0000000)
 concurrent-mark-sweep perm gen total 262144K, used 70773K [0x00000007f0000000, 0x0000000800000000, 0x0000000800000000)
}
Event: 10282.671 GC heap before
{Heap before GC invocations=239 (full 18):
 par new generation   total 55296K, used 53296K [0x0000000730000000, 0x0000000733c00000, 0x0000000733c00000)
  eden space 49152K, 100% used [0x0000000730000000, 0x0000000733000000, 0x0000000733000000)
  from space 6144K,  67% used [0x0000000733600000, 0x0000000733a0c230, 0x0000000733c00000)
  to   space 6144K,   0% used [0x0000000733000000, 0x0000000733000000, 0x0000000733600000)
 concurrent mark-sweep generation total 282852K, used 144803K [0x0000000733c00000, 0x0000000745039000, 0x00000007f0000000)
 concurrent-mark-sweep perm gen total 262144K, used 70773K [0x00000007f0000000, 0x0000000800000000, 0x0000000800000000)
Event: 10282.695 GC heap after
Heap after GC invocations=240 (full 18):
 par new generation   total 55296K, used 4328K [0x0000000730000000, 0x0000000733c00000, 0x0000000733c00000)
  eden space 49152K,   0% used [0x0000000730000000, 0x0000000730000000, 0x0000000733000000)
  from space 6144K,  70% used [0x0000000733000000, 0x000000073343a090, 0x0000000733600000)
  to   space 6144K,   0% used [0x0000000733600000, 0x0000000733600000, 0x0000000733c00000)
 concurrent mark-sweep generation total 282852K, used 144868K [0x0000000733c00000, 0x0000000745039000, 0x00000007f0000000)
 concurrent-mark-sweep perm gen total 262144K, used 70773K [0x00000007f0000000, 0x0000000800000000, 0x0000000800000000)
}
Event: 10505.845 GC heap before
{Heap before GC invocations=240 (full 18):
 par new generation   total 55296K, used 53480K [0x0000000730000000, 0x0000000733c00000, 0x0000000733c00000)
  eden space 49152K, 100% used [0x0000000730000000, 0x0000000733000000, 0x0000000733000000)
  from space 6144K,  70% used [0x0000000733000000, 0x000000073343a090, 0x0000000733600000)
  to   space 6144K,   0% used [0x0000000733600000, 0x0000000733600000, 0x0000000733c00000)
 concurrent mark-sweep generation total 282852K, used 144868K [0x0000000733c00000, 0x0000000745039000, 0x00000007f0000000)
 concurrent-mark-sweep perm gen total 262144K, used 70784K [0x00000007f0000000, 0x0000000800000000, 0x0000000800000000)
Event: 10505.860 GC heap after
Heap after GC invocations=241 (full 18):
 par new generation   total 55296K, used 3117K [0x0000000730000000, 0x0000000733c00000, 0x0000000733c00000)
  eden space 49152K,   0% used [0x0000000730000000, 0x0000000730000000, 0x0000000733000000)
  from space 6144K,  50% used [0x0000000733600000, 0x000000073390b488, 0x0000000733c00000)
  to   space 6144K,   0% used [0x0000000733000000, 0x0000000733000000, 0x0000000733600000)
 concurrent mark-sweep generation total 282852K, used 155389K [0x0000000733c00000, 0x0000000745039000, 0x00000007f0000000)
 concurrent-mark-sweep perm gen total 262144K, used 70784K [0x00000007f0000000, 0x0000000800000000, 0x0000000800000000)
}

